<?xml version="1.0" encoding="utf-8"?>
<shfbBuild product="Sandcastle Help File Builder and Tools" version="2019.11.17.0" projectFile="D:\homework\HomeWork\HW1\Task1_Input_Formating\HW1_Task1_Input_Formating\Help\Doc.shfbproj" started="24.12.2019 20:55:02">
<buildStep step="Initializing">
Finding tools...
The Sandcastle tools are located in &#39;C:\Program Files (x86)\EWSoftware\Sandcastle Help File Builder\&#39;
Locating components in the following folder(s):
    D:\homework\HomeWork\HW1\Task1_Input_Formating\HW1_Task1_Input_Formating\Help
    C:\ProgramData\EWSoftware\Sandcastle Help File Builder\Components and Plug-Ins\
    C:\Program Files (x86)\EWSoftware\Sandcastle Help File Builder\
Using framework reflection data for &#39;.NET Framework 4.7.2&#39; located in &#39;C:\Program Files (x86)\EWSoftware\Sandcastle Help File Builder\Data\.NETFramework&#39;
Using presentation style &#39;VS2013&#39; located in &#39;C:\Program Files (x86)\EWSoftware\Sandcastle Help File Builder\PresentationStyles\VS2013&#39;
Loading and initializing plug-ins...
Lightweight Website Style Version 2019.11.17.0
Copyright &#169; 2006-2019, Eric Woodruff, All Rights Reserved
Portions Copyright &#169; 2014, Sam Harwell, All Rights Reserved
-------------------------------
Clearing any prior web/markdown output...
</buildStep>
<buildStep step="ValidatingDocumentationSources">
Validating and copying documentation source information
Source: D:\homework\HomeWork\HW1\Task1_Input_Formating\HW1_Task1_Input_Formating\HW1_Task1_Input_Formating\bin\Debug\HW1_Task1_Input_Formating.exe
    Found assembly &#39;D:\homework\HomeWork\HW1\Task1_Input_Formating\HW1_Task1_Input_Formating\HW1_Task1_Input_Formating\bin\Debug\HW1_Task1_Input_Formating.exe&#39;
Source: D:\homework\HomeWork\HW1\Task1_Input_Formating\HW1_Task1_Input_Formating\HW1_Task1_Input_Formating\bin\Debug\HW1_Task1_Input_Formating.xml

Copying XML comments files
    D:\homework\HomeWork\HW1\Task1_Input_Formating\HW1_Task1_Input_Formating\HW1_Task1_Input_Formating\bin\Debug\HW1_Task1_Input_Formating.xml -&gt; D:\homework\HomeWork\HW1\Task1_Input_Formating\HW1_Task1_Input_Formating\Help\Help\Working\HW1_Task1_Input_Formating.xml
</buildStep>
<buildStep step="GenerateSharedContent">
Generating shared content files (en-US, Английский (США))...
<plugIn name="Lightweight Website Style" behavior="After" priority="1000">
</plugIn>    Last step completed in 00:00:00,0610
</buildStep>
<buildStep step="GenerateApiFilter">
Generating API filter for MRefBuilder...
    Last step completed in 00:00:00,0030
</buildStep>
<buildStep step="GenerateReflectionInfo">
Generating reflection information...
[C:\Program Files (x86)\MSBuild\14.0\bin\amd64\MSBuild.exe - GenerateRefInfo.proj]
‘Ў&#174;аЄ&#160; &#173;&#160;з&#160;в&#160; 24.12.2019 20:55:08.
Џа&#174;ҐЄв &quot;D:\homework\HomeWork\HW1\Task1_Input_Formating\HW1_Task1_Input_Formating\Help\Help\Working\GenerateRefInfo.proj&quot; ў г&#167;&#171;Ґ 1 (жҐ&#171;ҐўлҐ &#174;ЎкҐЄвл Ї&#174; г&#172;&#174;&#171;з&#160;&#173;Ёо).
PrepareForBuild:
  ‘&#174;&#167;&#164;&#160;&#173;ЁҐ Є&#160;в&#160;&#171;&#174;Ј&#160; &quot;obj\Debug\&quot;.
GenerateRefInfo:
  MRefBuilder (v2019.11.17.0)
  Copyright c 2006-2019, Microsoft Corporation, All Rights Reserved.
  Portions Copyright c 2006-2019, Eric Woodruff, All Rights Reserved.
  No source code context base path specified.  Source context information is unavailable.
  Loaded 1 assemblies for reflection and 1 dependency assemblies.
  Wrote information on 1 namespaces, 3 types, and 10 members
  Љ&#174;ЇЁа&#174;ў&#160;&#173;ЁҐ д&#160;&#169;&#171;&#160; Ё&#167; &quot;reflection.org&quot; ў &quot;reflection.all&quot;.
  XslTransform (v2019.11.17.0)
  Copyright c 2006-2019, Microsoft Corporation, All Rights Reserved.
  Portions Copyright c 2006-2019, Eric Woodruff, All Rights Reserved.
  Applying XSL transformation &#39;C:\Program Files (x86)\EWSoftware\Sandcastle Help File Builder\ProductionTransforms\MergeDuplicates.xsl&#39;.
‘Ў&#174;аЄ&#160; Їа&#174;ҐЄв&#160; &quot;D:\homework\HomeWork\HW1\Task1_Input_Formating\HW1_Task1_Input_Formating\Help\Help\Working\GenerateRefInfo.proj&quot; &#167;&#160;ўҐаиҐ&#173;&#160; (жҐ&#171;ҐўлҐ &#174;ЎкҐЄвл Ї&#174; г&#172;&#174;&#171;з&#160;&#173;Ёо).

‘Ў&#174;аЄ&#160; гбЇҐи&#173;&#174; &#167;&#160;ўҐаиҐ&#173;&#160;.

‡&#160;ва&#160;зҐ&#173;&#173;&#174;Ґ ўаҐ&#172;п: 00:00:07.01
    Last step completed in 00:00:08,4672
</buildStep>
<buildStep step="TransformReflectionInfo">
Transforming reflection output...
[C:\Program Files (x86)\MSBuild\14.0\bin\amd64\MSBuild.exe - TransformManifest.proj]
‘Ў&#174;аЄ&#160; &#173;&#160;з&#160;в&#160; 24.12.2019 20:55:16.
Џа&#174;ҐЄв &quot;D:\homework\HomeWork\HW1\Task1_Input_Formating\HW1_Task1_Input_Formating\Help\Help\Working\TransformManifest.proj&quot; ў г&#167;&#171;Ґ 1 (жҐ&#171;ҐўлҐ &#174;ЎкҐЄвл Ї&#174; г&#172;&#174;&#171;з&#160;&#173;Ёо).
TransformManifest:
  XslTransform (v2019.11.17.0)
  Copyright c 2006-2019, Microsoft Corporation, All Rights Reserved.
  Portions Copyright c 2006-2019, Eric Woodruff, All Rights Reserved.
  Applying XSL transformation &#39;C:\Program Files (x86)\EWSoftware\Sandcastle Help File Builder\\ProductionTransforms\ApplyVSDocModel.xsl&#39;.
  Љ&#174;ЇЁа&#174;ў&#160;&#173;ЁҐ д&#160;&#169;&#171;&#160; Ё&#167; &quot;reflection.xml&quot; ў &quot;reflection.nofilenames&quot;.
  XslTransform (v2019.11.17.0)
  Copyright c 2006-2019, Microsoft Corporation, All Rights Reserved.
  Portions Copyright c 2006-2019, Eric Woodruff, All Rights Reserved.
  Applying XSL transformation &#39;C:\Program Files (x86)\EWSoftware\Sandcastle Help File Builder\ProductionTransforms\AddFilenames.xsl&#39;.
  XslTransform (v2019.11.17.0)
  Copyright c 2006-2019, Microsoft Corporation, All Rights Reserved.
  Portions Copyright c 2006-2019, Eric Woodruff, All Rights Reserved.
  Applying XSL transformation &#39;C:\Program Files (x86)\EWSoftware\Sandcastle Help File Builder\ProductionTransforms\ReflectionToManifest.xsl&#39;.
‘Ў&#174;аЄ&#160; Їа&#174;ҐЄв&#160; &quot;D:\homework\HomeWork\HW1\Task1_Input_Formating\HW1_Task1_Input_Formating\Help\Help\Working\TransformManifest.proj&quot; &#167;&#160;ўҐаиҐ&#173;&#160; (жҐ&#171;ҐўлҐ &#174;ЎкҐЄвл Ї&#174; г&#172;&#174;&#171;з&#160;&#173;Ёо).

‘Ў&#174;аЄ&#160; гбЇҐи&#173;&#174; &#167;&#160;ўҐаиҐ&#173;&#160;.

‡&#160;ва&#160;зҐ&#173;&#173;&#174;Ґ ўаҐ&#172;п: 00:00:06.37
    Last step completed in 00:00:07,5767
</buildStep>
<buildStep step="GenerateNamespaceSummaries">
Generating namespace summary information...
    Last step completed in 00:00:00,0880
</buildStep>
<buildStep step="CopyAdditionalContent">
Copying additional content files...
No additional content to copy
    Last step completed in 00:00:00,0000
</buildStep>
<buildStep step="MergeTablesOfContents">
Merging conceptual and additional tables of contents...
    Last step completed in 00:00:00,0000
</buildStep>
<buildStep step="GenerateIntermediateTableOfContents">
Generating intermediate table of contents file...
[C:\Program Files (x86)\MSBuild\14.0\bin\amd64\MSBuild.exe - GenerateIntermediateTOC.proj]
‘Ў&#174;аЄ&#160; &#173;&#160;з&#160;в&#160; 24.12.2019 20:55:24.
Џа&#174;ҐЄв &quot;D:\homework\HomeWork\HW1\Task1_Input_Formating\HW1_Task1_Input_Formating\Help\Help\Working\GenerateIntermediateTOC.proj&quot; ў г&#167;&#171;Ґ 1 (жҐ&#171;ҐўлҐ &#174;ЎкҐЄвл Ї&#174; г&#172;&#174;&#171;з&#160;&#173;Ёо).
GenerateIntermediateTOC:
  XslTransform (v2019.11.17.0)
  Copyright c 2006-2019, Microsoft Corporation, All Rights Reserved.
  Portions Copyright c 2006-2019, Eric Woodruff, All Rights Reserved.
  Applying XSL transformation &#39;C:\Program Files (x86)\EWSoftware\Sandcastle Help File Builder\\ProductionTransforms\CreateVSToc.xsl&#39;.
‘Ў&#174;аЄ&#160; Їа&#174;ҐЄв&#160; &quot;D:\homework\HomeWork\HW1\Task1_Input_Formating\HW1_Task1_Input_Formating\Help\Help\Working\GenerateIntermediateTOC.proj&quot; &#167;&#160;ўҐаиҐ&#173;&#160; (жҐ&#171;ҐўлҐ &#174;ЎкҐЄвл Ї&#174; г&#172;&#174;&#171;з&#160;&#173;Ёо).

‘Ў&#174;аЄ&#160; гбЇҐи&#173;&#174; &#167;&#160;ўҐаиҐ&#173;&#160;.

‡&#160;ва&#160;зҐ&#173;&#173;&#174;Ґ ўаҐ&#172;п: 00:00:04.02
Generating conceptual content intermediate TOC file...
    Last step completed in 00:00:05,2868
</buildStep>
<buildStep step="CreateBuildAssemblerConfigs">
Creating Sandcastle configuration files...
    sandcastle.config
    Last step completed in 00:00:00,8293
</buildStep>
<buildStep step="MergeCustomConfigs">
Merging custom build component configurations
D:\homework\HomeWork\HW1\Task1_Input_Formating\HW1_Task1_Input_Formating\Help\Help\Working\sandcastle.config
  Updating reference topic configurations.
  No conceptual content.  Removing conceptual content components.
    Last step completed in 00:00:00,0620
</buildStep>
<buildStep step="BuildTopics">
Building help topics...
[C:\Program Files (x86)\MSBuild\14.0\bin\amd64\MSBuild.exe - BuildTopics.proj]
‘Ў&#174;аЄ&#160; &#173;&#160;з&#160;в&#160; 24.12.2019 20:55:30.
Џа&#174;ҐЄв &quot;D:\homework\HomeWork\HW1\Task1_Input_Formating\HW1_Task1_Input_Formating\Help\Help\Working\BuildTopics.proj&quot; ў г&#167;&#171;Ґ 1 (жҐ&#171;ҐўлҐ &#174;ЎкҐЄвл Ї&#174; г&#172;&#174;&#171;з&#160;&#173;Ёо).
BuildTopics:
  BuildAssembler (v2019.11.17.0)
  Copyright c 2006-2019, Microsoft Corporation, All Rights Reserved.
  Portions Copyright c 2006-2019, Eric Woodruff, All Rights Reserved.
  Loading configuration...
  ResolveReferenceLinksComponent: The member ID URL cache &#39;C:\Users\Ќ&#160;&#167;Ёа&#160;\AppData\Local\EWSoftware\Sandcastle Help File Builder\Cache\MemberIdUrl.cache&#39; does not exist yet.  All IDs will be looked up in this build which will slow it down.
  Processing topics...
BuildAssembler : warning : ShowMissingComponent: [N:HW1_Task1_Input_Formating] Missing &lt;summary&gt; documentation [D:\homework\HomeWork\HW1\Task1_Input_Formating\HW1_Task1_Input_Formating\Help\Help\Working\BuildTopics.proj]
BuildAssembler : warning : ShowMissingComponent: [M:HW1_Task1_Input_Formating.ConsoleOutput.PrintCoordinates(System.Decimal,System.Decimal)] Missing &lt;summary&gt; documentation [D:\homework\HomeWork\HW1\Task1_Input_Formating\HW1_Task1_Input_Formating\Help\Help\Working\BuildTopics.proj]
BuildAssembler : warning : ShowMissingComponent: [M:HW1_Task1_Input_Formating.ConsoleOutput.PrintCoordinates(System.Decimal,System.Decimal)] Missing &lt;param name=&quot;x&quot;/&gt; documentation [D:\homework\HomeWork\HW1\Task1_Input_Formating\HW1_Task1_Input_Formating\Help\Help\Working\BuildTopics.proj]
BuildAssembler : warning : ShowMissingComponent: [M:HW1_Task1_Input_Formating.ConsoleOutput.PrintCoordinates(System.Decimal,System.Decimal)] Missing &lt;param name=&quot;y&quot;/&gt; documentation [D:\homework\HomeWork\HW1\Task1_Input_Formating\HW1_Task1_Input_Formating\Help\Help\Working\BuildTopics.proj]
BuildAssembler : warning : ShowMissingComponent: [F:HW1_Task1_Input_Formating.Input.x] Missing &lt;summary&gt; documentation [D:\homework\HomeWork\HW1\Task1_Input_Formating\HW1_Task1_Input_Formating\Help\Help\Working\BuildTopics.proj]
BuildAssembler : warning : ShowMissingComponent: [F:HW1_Task1_Input_Formating.Input.y] Missing &lt;summary&gt; documentation [D:\homework\HomeWork\HW1\Task1_Input_Formating\HW1_Task1_Input_Formating\Help\Help\Working\BuildTopics.proj]
BuildAssembler : warning : ShowMissingComponent: [P:HW1_Task1_Input_Formating.Input.Y_Value] Missing &lt;summary&gt; documentation [D:\homework\HomeWork\HW1\Task1_Input_Formating\HW1_Task1_Input_Formating\Help\Help\Working\BuildTopics.proj]
BuildAssembler : warning : ShowMissingComponent: [M:HW1_Task1_Input_Formating.Program.Main(System.String[])] Missing &lt;summary&gt; documentation [D:\homework\HomeWork\HW1\Task1_Input_Formating\HW1_Task1_Input_Formating\Help\Help\Working\BuildTopics.proj]
BuildAssembler : warning : ShowMissingComponent: [M:HW1_Task1_Input_Formating.Program.Main(System.String[])] Missing &lt;param name=&quot;args&quot;/&gt; documentation [D:\homework\HomeWork\HW1\Task1_Input_Formating\HW1_Task1_Input_Formating\Help\Help\Working\BuildTopics.proj]
  Processed 19 topic(s)
  9 warning(s)
  CopyFromIndexComponent: &quot;reflection&quot; in-memory cache entries used: 2 of 15.
  CopyFromIndexComponent: &quot;comments&quot; in-memory cache entries used: 1 of 30.
  ResolveReferenceLinksComponent: 10 entries added to the member ID URL cache.  New cache size: 10 entries
‘Ў&#174;аЄ&#160; Їа&#174;ҐЄв&#160; &quot;D:\homework\HomeWork\HW1\Task1_Input_Formating\HW1_Task1_Input_Formating\Help\Help\Working\BuildTopics.proj&quot; &#167;&#160;ўҐаиҐ&#173;&#160; (жҐ&#171;ҐўлҐ &#174;ЎкҐЄвл Ї&#174; г&#172;&#174;&#171;з&#160;&#173;Ёо).

‘Ў&#174;аЄ&#160; гбЇҐи&#173;&#174; &#167;&#160;ўҐаиҐ&#173;&#160;.

‡&#160;ва&#160;зҐ&#173;&#173;&#174;Ґ ўаҐ&#172;п: 00:00:26.21
    Last step completed in 00:00:27,5281
</buildStep>
<buildStep step="CombiningIntermediateTocFiles">
Combining conceptual and API intermediate TOC files...
    Last step completed in 00:00:00,0030
</buildStep>
<buildStep step="ExtractingHtmlInfo">
Extracting HTML info for HTML Help 1 and/or website...
[C:\Program Files (x86)\MSBuild\14.0\bin\amd64\MSBuild.exe - ExtractHtmlInfo.proj]
Sandcastle Help File Builder and Tools, version 2019.11.17.0
Copyright c 2006-2019, Eric Woodruff, All Rights Reserved
E-Mail: Eric@EWoodruff.us

Using LCID &#39;1033&#39;, code page &#39;65001&#39;, encoding charset &#39;UTF-8&#39;.

Processing website files in D:\homework\HomeWork\HW1\Task1_Input_Formating\HW1_Task1_Input_Formating\Help\Help\Working\Output\Website
Processed 19 HTML files
Sorting keywords and generating See Also indices
Saving website keyword index to D:\homework\HomeWork\HW1\Task1_Input_Formating\HW1_Task1_Input_Formating\Help\Help\Working\WebKI.xml
Saving website table of contents to D:\homework\HomeWork\HW1\Task1_Input_Formating\HW1_Task1_Input_Formating\Help\Help\Working\WebTOC.xml
    Last step completed in 00:00:04,6969
</buildStep>
<buildStep step="CopyStandardHelpContent">
Copying standard help content...
C:\Program Files (x86)\EWSoftware\Sandcastle Help File Builder\PresentationStyles\VS2013\icons\AlertCaution.png -&gt; D:\homework\HomeWork\HW1\Task1_Input_Formating\HW1_Task1_Input_Formating\Help\Help\Working\Output\Website\icons\AlertCaution.png
C:\Program Files (x86)\EWSoftware\Sandcastle Help File Builder\PresentationStyles\VS2013\icons\AlertNote.png -&gt; D:\homework\HomeWork\HW1\Task1_Input_Formating\HW1_Task1_Input_Formating\Help\Help\Working\Output\Website\icons\AlertNote.png
C:\Program Files (x86)\EWSoftware\Sandcastle Help File Builder\PresentationStyles\VS2013\icons\AlertSecurity.png -&gt; D:\homework\HomeWork\HW1\Task1_Input_Formating\HW1_Task1_Input_Formating\Help\Help\Working\Output\Website\icons\AlertSecurity.png
C:\Program Files (x86)\EWSoftware\Sandcastle Help File Builder\PresentationStyles\VS2013\icons\CFW.gif -&gt; D:\homework\HomeWork\HW1\Task1_Input_Formating\HW1_Task1_Input_Formating\Help\Help\Working\Output\Website\icons\CFW.gif
C:\Program Files (x86)\EWSoftware\Sandcastle Help File Builder\PresentationStyles\VS2013\icons\CodeExample.png -&gt; D:\homework\HomeWork\HW1\Task1_Input_Formating\HW1_Task1_Input_Formating\Help\Help\Working\Output\Website\icons\CodeExample.png
C:\Program Files (x86)\EWSoftware\Sandcastle Help File Builder\PresentationStyles\VS2013\icons\favicon.ico -&gt; D:\homework\HomeWork\HW1\Task1_Input_Formating\HW1_Task1_Input_Formating\Help\Help\Working\Output\Website\icons\favicon.ico
C:\Program Files (x86)\EWSoftware\Sandcastle Help File Builder\PresentationStyles\VS2013\icons\privclass.gif -&gt; D:\homework\HomeWork\HW1\Task1_Input_Formating\HW1_Task1_Input_Formating\Help\Help\Working\Output\Website\icons\privclass.gif
C:\Program Files (x86)\EWSoftware\Sandcastle Help File Builder\PresentationStyles\VS2013\icons\privdelegate.gif -&gt; D:\homework\HomeWork\HW1\Task1_Input_Formating\HW1_Task1_Input_Formating\Help\Help\Working\Output\Website\icons\privdelegate.gif
C:\Program Files (x86)\EWSoftware\Sandcastle Help File Builder\PresentationStyles\VS2013\icons\privenumeration.gif -&gt; D:\homework\HomeWork\HW1\Task1_Input_Formating\HW1_Task1_Input_Formating\Help\Help\Working\Output\Website\icons\privenumeration.gif
C:\Program Files (x86)\EWSoftware\Sandcastle Help File Builder\PresentationStyles\VS2013\icons\privevent.gif -&gt; D:\homework\HomeWork\HW1\Task1_Input_Formating\HW1_Task1_Input_Formating\Help\Help\Working\Output\Website\icons\privevent.gif
C:\Program Files (x86)\EWSoftware\Sandcastle Help File Builder\PresentationStyles\VS2013\icons\privextension.gif -&gt; D:\homework\HomeWork\HW1\Task1_Input_Formating\HW1_Task1_Input_Formating\Help\Help\Working\Output\Website\icons\privextension.gif
C:\Program Files (x86)\EWSoftware\Sandcastle Help File Builder\PresentationStyles\VS2013\icons\privfield.gif -&gt; D:\homework\HomeWork\HW1\Task1_Input_Formating\HW1_Task1_Input_Formating\Help\Help\Working\Output\Website\icons\privfield.gif
C:\Program Files (x86)\EWSoftware\Sandcastle Help File Builder\PresentationStyles\VS2013\icons\privinterface.gif -&gt; D:\homework\HomeWork\HW1\Task1_Input_Formating\HW1_Task1_Input_Formating\Help\Help\Working\Output\Website\icons\privinterface.gif
C:\Program Files (x86)\EWSoftware\Sandcastle Help File Builder\PresentationStyles\VS2013\icons\privmethod.gif -&gt; D:\homework\HomeWork\HW1\Task1_Input_Formating\HW1_Task1_Input_Formating\Help\Help\Working\Output\Website\icons\privmethod.gif
C:\Program Files (x86)\EWSoftware\Sandcastle Help File Builder\PresentationStyles\VS2013\icons\privproperty.gif -&gt; D:\homework\HomeWork\HW1\Task1_Input_Formating\HW1_Task1_Input_Formating\Help\Help\Working\Output\Website\icons\privproperty.gif
C:\Program Files (x86)\EWSoftware\Sandcastle Help File Builder\PresentationStyles\VS2013\icons\privstructure.gif -&gt; D:\homework\HomeWork\HW1\Task1_Input_Formating\HW1_Task1_Input_Formating\Help\Help\Working\Output\Website\icons\privstructure.gif
C:\Program Files (x86)\EWSoftware\Sandcastle Help File Builder\PresentationStyles\VS2013\icons\protclass.gif -&gt; D:\homework\HomeWork\HW1\Task1_Input_Formating\HW1_Task1_Input_Formating\Help\Help\Working\Output\Website\icons\protclass.gif
C:\Program Files (x86)\EWSoftware\Sandcastle Help File Builder\PresentationStyles\VS2013\icons\protdelegate.gif -&gt; D:\homework\HomeWork\HW1\Task1_Input_Formating\HW1_Task1_Input_Formating\Help\Help\Working\Output\Website\icons\protdelegate.gif
C:\Program Files (x86)\EWSoftware\Sandcastle Help File Builder\PresentationStyles\VS2013\icons\protenumeration.gif -&gt; D:\homework\HomeWork\HW1\Task1_Input_Formating\HW1_Task1_Input_Formating\Help\Help\Working\Output\Website\icons\protenumeration.gif
C:\Program Files (x86)\EWSoftware\Sandcastle Help File Builder\PresentationStyles\VS2013\icons\protevent.gif -&gt; D:\homework\HomeWork\HW1\Task1_Input_Formating\HW1_Task1_Input_Formating\Help\Help\Working\Output\Website\icons\protevent.gif
C:\Program Files (x86)\EWSoftware\Sandcastle Help File Builder\PresentationStyles\VS2013\icons\protextension.gif -&gt; D:\homework\HomeWork\HW1\Task1_Input_Formating\HW1_Task1_Input_Formating\Help\Help\Working\Output\Website\icons\protextension.gif
C:\Program Files (x86)\EWSoftware\Sandcastle Help File Builder\PresentationStyles\VS2013\icons\protfield.gif -&gt; D:\homework\HomeWork\HW1\Task1_Input_Formating\HW1_Task1_Input_Formating\Help\Help\Working\Output\Website\icons\protfield.gif
C:\Program Files (x86)\EWSoftware\Sandcastle Help File Builder\PresentationStyles\VS2013\icons\protinterface.gif -&gt; D:\homework\HomeWork\HW1\Task1_Input_Formating\HW1_Task1_Input_Formating\Help\Help\Working\Output\Website\icons\protinterface.gif
C:\Program Files (x86)\EWSoftware\Sandcastle Help File Builder\PresentationStyles\VS2013\icons\protmethod.gif -&gt; D:\homework\HomeWork\HW1\Task1_Input_Formating\HW1_Task1_Input_Formating\Help\Help\Working\Output\Website\icons\protmethod.gif
C:\Program Files (x86)\EWSoftware\Sandcastle Help File Builder\PresentationStyles\VS2013\icons\protoperator.gif -&gt; D:\homework\HomeWork\HW1\Task1_Input_Formating\HW1_Task1_Input_Formating\Help\Help\Working\Output\Website\icons\protoperator.gif
C:\Program Files (x86)\EWSoftware\Sandcastle Help File Builder\PresentationStyles\VS2013\icons\protproperty.gif -&gt; D:\homework\HomeWork\HW1\Task1_Input_Formating\HW1_Task1_Input_Formating\Help\Help\Working\Output\Website\icons\protproperty.gif
C:\Program Files (x86)\EWSoftware\Sandcastle Help File Builder\PresentationStyles\VS2013\icons\protstructure.gif -&gt; D:\homework\HomeWork\HW1\Task1_Input_Formating\HW1_Task1_Input_Formating\Help\Help\Working\Output\Website\icons\protstructure.gif
C:\Program Files (x86)\EWSoftware\Sandcastle Help File Builder\PresentationStyles\VS2013\icons\pubclass.gif -&gt; D:\homework\HomeWork\HW1\Task1_Input_Formating\HW1_Task1_Input_Formating\Help\Help\Working\Output\Website\icons\pubclass.gif
C:\Program Files (x86)\EWSoftware\Sandcastle Help File Builder\PresentationStyles\VS2013\icons\pubdelegate.gif -&gt; D:\homework\HomeWork\HW1\Task1_Input_Formating\HW1_Task1_Input_Formating\Help\Help\Working\Output\Website\icons\pubdelegate.gif
C:\Program Files (x86)\EWSoftware\Sandcastle Help File Builder\PresentationStyles\VS2013\icons\pubenumeration.gif -&gt; D:\homework\HomeWork\HW1\Task1_Input_Formating\HW1_Task1_Input_Formating\Help\Help\Working\Output\Website\icons\pubenumeration.gif
C:\Program Files (x86)\EWSoftware\Sandcastle Help File Builder\PresentationStyles\VS2013\icons\pubevent.gif -&gt; D:\homework\HomeWork\HW1\Task1_Input_Formating\HW1_Task1_Input_Formating\Help\Help\Working\Output\Website\icons\pubevent.gif
C:\Program Files (x86)\EWSoftware\Sandcastle Help File Builder\PresentationStyles\VS2013\icons\pubextension.gif -&gt; D:\homework\HomeWork\HW1\Task1_Input_Formating\HW1_Task1_Input_Formating\Help\Help\Working\Output\Website\icons\pubextension.gif
C:\Program Files (x86)\EWSoftware\Sandcastle Help File Builder\PresentationStyles\VS2013\icons\pubfield.gif -&gt; D:\homework\HomeWork\HW1\Task1_Input_Formating\HW1_Task1_Input_Formating\Help\Help\Working\Output\Website\icons\pubfield.gif
C:\Program Files (x86)\EWSoftware\Sandcastle Help File Builder\PresentationStyles\VS2013\icons\pubinterface.gif -&gt; D:\homework\HomeWork\HW1\Task1_Input_Formating\HW1_Task1_Input_Formating\Help\Help\Working\Output\Website\icons\pubinterface.gif
C:\Program Files (x86)\EWSoftware\Sandcastle Help File Builder\PresentationStyles\VS2013\icons\pubmethod.gif -&gt; D:\homework\HomeWork\HW1\Task1_Input_Formating\HW1_Task1_Input_Formating\Help\Help\Working\Output\Website\icons\pubmethod.gif
C:\Program Files (x86)\EWSoftware\Sandcastle Help File Builder\PresentationStyles\VS2013\icons\puboperator.gif -&gt; D:\homework\HomeWork\HW1\Task1_Input_Formating\HW1_Task1_Input_Formating\Help\Help\Working\Output\Website\icons\puboperator.gif
C:\Program Files (x86)\EWSoftware\Sandcastle Help File Builder\PresentationStyles\VS2013\icons\pubproperty.gif -&gt; D:\homework\HomeWork\HW1\Task1_Input_Formating\HW1_Task1_Input_Formating\Help\Help\Working\Output\Website\icons\pubproperty.gif
C:\Program Files (x86)\EWSoftware\Sandcastle Help File Builder\PresentationStyles\VS2013\icons\pubstructure.gif -&gt; D:\homework\HomeWork\HW1\Task1_Input_Formating\HW1_Task1_Input_Formating\Help\Help\Working\Output\Website\icons\pubstructure.gif
C:\Program Files (x86)\EWSoftware\Sandcastle Help File Builder\PresentationStyles\VS2013\icons\SectionCollapsed.png -&gt; D:\homework\HomeWork\HW1\Task1_Input_Formating\HW1_Task1_Input_Formating\Help\Help\Working\Output\Website\icons\SectionCollapsed.png
C:\Program Files (x86)\EWSoftware\Sandcastle Help File Builder\PresentationStyles\VS2013\icons\SectionExpanded.png -&gt; D:\homework\HomeWork\HW1\Task1_Input_Formating\HW1_Task1_Input_Formating\Help\Help\Working\Output\Website\icons\SectionExpanded.png
C:\Program Files (x86)\EWSoftware\Sandcastle Help File Builder\PresentationStyles\VS2013\icons\slMobile.gif -&gt; D:\homework\HomeWork\HW1\Task1_Input_Formating\HW1_Task1_Input_Formating\Help\Help\Working\Output\Website\icons\slMobile.gif
C:\Program Files (x86)\EWSoftware\Sandcastle Help File Builder\PresentationStyles\VS2013\icons\static.gif -&gt; D:\homework\HomeWork\HW1\Task1_Input_Formating\HW1_Task1_Input_Formating\Help\Help\Working\Output\Website\icons\static.gif
C:\Program Files (x86)\EWSoftware\Sandcastle Help File Builder\PresentationStyles\VS2013\icons\xna.gif -&gt; D:\homework\HomeWork\HW1\Task1_Input_Formating\HW1_Task1_Input_Formating\Help\Help\Working\Output\Website\icons\xna.gif
C:\Program Files (x86)\EWSoftware\Sandcastle Help File Builder\PresentationStyles\VS2013\scripts\branding.js -&gt; D:\homework\HomeWork\HW1\Task1_Input_Formating\HW1_Task1_Input_Formating\Help\Help\Working\Output\Website\scripts\branding.js
C:\Program Files (x86)\EWSoftware\Sandcastle Help File Builder\PresentationStyles\VS2013\styles\branding-cs-CZ.css -&gt; D:\homework\HomeWork\HW1\Task1_Input_Formating\HW1_Task1_Input_Formating\Help\Help\Working\Output\Website\styles\branding-cs-CZ.css
C:\Program Files (x86)\EWSoftware\Sandcastle Help File Builder\PresentationStyles\VS2013\styles\branding-de-DE.css -&gt; D:\homework\HomeWork\HW1\Task1_Input_Formating\HW1_Task1_Input_Formating\Help\Help\Working\Output\Website\styles\branding-de-DE.css
C:\Program Files (x86)\EWSoftware\Sandcastle Help File Builder\PresentationStyles\VS2013\styles\branding-en-US.css -&gt; D:\homework\HomeWork\HW1\Task1_Input_Formating\HW1_Task1_Input_Formating\Help\Help\Working\Output\Website\styles\branding-en-US.css
C:\Program Files (x86)\EWSoftware\Sandcastle Help File Builder\PresentationStyles\VS2013\styles\branding-es-ES.css -&gt; D:\homework\HomeWork\HW1\Task1_Input_Formating\HW1_Task1_Input_Formating\Help\Help\Working\Output\Website\styles\branding-es-ES.css
C:\Program Files (x86)\EWSoftware\Sandcastle Help File Builder\PresentationStyles\VS2013\styles\branding-fr-FR.css -&gt; D:\homework\HomeWork\HW1\Task1_Input_Formating\HW1_Task1_Input_Formating\Help\Help\Working\Output\Website\styles\branding-fr-FR.css
C:\Program Files (x86)\EWSoftware\Sandcastle Help File Builder\PresentationStyles\VS2013\styles\branding-Help1.css -&gt; D:\homework\HomeWork\HW1\Task1_Input_Formating\HW1_Task1_Input_Formating\Help\Help\Working\Output\Website\styles\branding-Help1.css
C:\Program Files (x86)\EWSoftware\Sandcastle Help File Builder\PresentationStyles\VS2013\styles\branding-HelpViewer.css -&gt; D:\homework\HomeWork\HW1\Task1_Input_Formating\HW1_Task1_Input_Formating\Help\Help\Working\Output\Website\styles\branding-HelpViewer.css
C:\Program Files (x86)\EWSoftware\Sandcastle Help File Builder\PresentationStyles\VS2013\styles\branding-it-IT.css -&gt; D:\homework\HomeWork\HW1\Task1_Input_Formating\HW1_Task1_Input_Formating\Help\Help\Working\Output\Website\styles\branding-it-IT.css
C:\Program Files (x86)\EWSoftware\Sandcastle Help File Builder\PresentationStyles\VS2013\styles\branding-ja-JP.css -&gt; D:\homework\HomeWork\HW1\Task1_Input_Formating\HW1_Task1_Input_Formating\Help\Help\Working\Output\Website\styles\branding-ja-JP.css
C:\Program Files (x86)\EWSoftware\Sandcastle Help File Builder\PresentationStyles\VS2013\styles\branding-ko-KR.css -&gt; D:\homework\HomeWork\HW1\Task1_Input_Formating\HW1_Task1_Input_Formating\Help\Help\Working\Output\Website\styles\branding-ko-KR.css
C:\Program Files (x86)\EWSoftware\Sandcastle Help File Builder\PresentationStyles\VS2013\styles\branding-pl-PL.css -&gt; D:\homework\HomeWork\HW1\Task1_Input_Formating\HW1_Task1_Input_Formating\Help\Help\Working\Output\Website\styles\branding-pl-PL.css
C:\Program Files (x86)\EWSoftware\Sandcastle Help File Builder\PresentationStyles\VS2013\styles\branding-pt-BR.css -&gt; D:\homework\HomeWork\HW1\Task1_Input_Formating\HW1_Task1_Input_Formating\Help\Help\Working\Output\Website\styles\branding-pt-BR.css
C:\Program Files (x86)\EWSoftware\Sandcastle Help File Builder\PresentationStyles\VS2013\styles\branding-ru-RU.css -&gt; D:\homework\HomeWork\HW1\Task1_Input_Formating\HW1_Task1_Input_Formating\Help\Help\Working\Output\Website\styles\branding-ru-RU.css
C:\Program Files (x86)\EWSoftware\Sandcastle Help File Builder\PresentationStyles\VS2013\styles\branding-tr-TR.css -&gt; D:\homework\HomeWork\HW1\Task1_Input_Formating\HW1_Task1_Input_Formating\Help\Help\Working\Output\Website\styles\branding-tr-TR.css
C:\Program Files (x86)\EWSoftware\Sandcastle Help File Builder\PresentationStyles\VS2013\styles\branding-Website.css -&gt; D:\homework\HomeWork\HW1\Task1_Input_Formating\HW1_Task1_Input_Formating\Help\Help\Working\Output\Website\styles\branding-Website.css
C:\Program Files (x86)\EWSoftware\Sandcastle Help File Builder\PresentationStyles\VS2013\styles\branding-zh-CN.css -&gt; D:\homework\HomeWork\HW1\Task1_Input_Formating\HW1_Task1_Input_Formating\Help\Help\Working\Output\Website\styles\branding-zh-CN.css
C:\Program Files (x86)\EWSoftware\Sandcastle Help File Builder\PresentationStyles\VS2013\styles\branding-zh-TW.css -&gt; D:\homework\HomeWork\HW1\Task1_Input_Formating\HW1_Task1_Input_Formating\Help\Help\Working\Output\Website\styles\branding-zh-TW.css
C:\Program Files (x86)\EWSoftware\Sandcastle Help File Builder\PresentationStyles\VS2013\styles\branding.css -&gt; D:\homework\HomeWork\HW1\Task1_Input_Formating\HW1_Task1_Input_Formating\Help\Help\Working\Output\Website\styles\branding.css
C:\Program Files (x86)\EWSoftware\Sandcastle Help File Builder\PresentationStyles\VS2013\Web\index.html -&gt; D:\homework\HomeWork\HW1\Task1_Input_Formating\HW1_Task1_Input_Formating\Help\Help\Working\Output\Website\index.html
C:\Program Files (x86)\EWSoftware\Sandcastle Help File Builder\PresentationStyles\VS2013\Web\search.html -&gt; D:\homework\HomeWork\HW1\Task1_Input_Formating\HW1_Task1_Input_Formating\Help\Help\Working\Output\Website\search.html
C:\Program Files (x86)\EWSoftware\Sandcastle Help File Builder\PresentationStyles\VS2013\Web\SearchHelp.aspx -&gt; D:\homework\HomeWork\HW1\Task1_Input_Formating\HW1_Task1_Input_Formating\Help\Help\Working\Output\Website\SearchHelp.aspx
C:\Program Files (x86)\EWSoftware\Sandcastle Help File Builder\PresentationStyles\VS2013\Web\SearchHelp.inc.php -&gt; D:\homework\HomeWork\HW1\Task1_Input_Formating\HW1_Task1_Input_Formating\Help\Help\Working\Output\Website\SearchHelp.inc.php
C:\Program Files (x86)\EWSoftware\Sandcastle Help File Builder\PresentationStyles\VS2013\Web\SearchHelp.php -&gt; D:\homework\HomeWork\HW1\Task1_Input_Formating\HW1_Task1_Input_Formating\Help\Help\Working\Output\Website\SearchHelp.php
C:\Program Files (x86)\EWSoftware\Sandcastle Help File Builder\PresentationStyles\VS2013\Web\Web.Config -&gt; D:\homework\HomeWork\HW1\Task1_Input_Formating\HW1_Task1_Input_Formating\Help\Help\Working\Output\Website\Web.Config
C:\Program Files (x86)\EWSoftware\Sandcastle Help File Builder\PresentationStyles\VS2013\Web\html\GeneralError.htm -&gt; D:\homework\HomeWork\HW1\Task1_Input_Formating\HW1_Task1_Input_Formating\Help\Help\Working\Output\Website\html\GeneralError.htm
C:\Program Files (x86)\EWSoftware\Sandcastle Help File Builder\PresentationStyles\VS2013\Web\html\PageNotFound.htm -&gt; D:\homework\HomeWork\HW1\Task1_Input_Formating\HW1_Task1_Input_Formating\Help\Help\Working\Output\Website\html\PageNotFound.htm
C:\Program Files (x86)\EWSoftware\Sandcastle Help File Builder\PresentationStyles\VS2013\Web\icons\Search.png -&gt; D:\homework\HomeWork\HW1\Task1_Input_Formating\HW1_Task1_Input_Formating\Help\Help\Working\Output\Website\icons\Search.png
C:\Program Files (x86)\EWSoftware\Sandcastle Help File Builder\PresentationStyles\VS2013\Web\icons\TocClose.gif -&gt; D:\homework\HomeWork\HW1\Task1_Input_Formating\HW1_Task1_Input_Formating\Help\Help\Working\Output\Website\icons\TocClose.gif
C:\Program Files (x86)\EWSoftware\Sandcastle Help File Builder\PresentationStyles\VS2013\Web\icons\TocCollapsed.gif -&gt; D:\homework\HomeWork\HW1\Task1_Input_Formating\HW1_Task1_Input_Formating\Help\Help\Working\Output\Website\icons\TocCollapsed.gif
C:\Program Files (x86)\EWSoftware\Sandcastle Help File Builder\PresentationStyles\VS2013\Web\icons\TocExpanded.gif -&gt; D:\homework\HomeWork\HW1\Task1_Input_Formating\HW1_Task1_Input_Formating\Help\Help\Working\Output\Website\icons\TocExpanded.gif
C:\Program Files (x86)\EWSoftware\Sandcastle Help File Builder\PresentationStyles\VS2013\Web\icons\TocOpen.gif -&gt; D:\homework\HomeWork\HW1\Task1_Input_Formating\HW1_Task1_Input_Formating\Help\Help\Working\Output\Website\icons\TocOpen.gif
C:\Program Files (x86)\EWSoftware\Sandcastle Help File Builder\PresentationStyles\VS2013\Web\scripts\branding-Website.js -&gt; D:\homework\HomeWork\HW1\Task1_Input_Formating\HW1_Task1_Input_Formating\Help\Help\Working\Output\Website\scripts\branding-Website.js
C:\Program Files (x86)\EWSoftware\Sandcastle Help File Builder\PresentationStyles\VS2013\Web\scripts\clipboard.min.js -&gt; D:\homework\HomeWork\HW1\Task1_Input_Formating\HW1_Task1_Input_Formating\Help\Help\Working\Output\Website\scripts\clipboard.min.js
C:\Program Files (x86)\EWSoftware\Sandcastle Help File Builder\PresentationStyles\VS2013\Web\scripts\jquery-3.3.1.min.js -&gt; D:\homework\HomeWork\HW1\Task1_Input_Formating\HW1_Task1_Input_Formating\Help\Help\Working\Output\Website\scripts\jquery-3.3.1.min.js
    Last step completed in 00:00:03,6690
</buildStep>
<buildStep step="GenerateHelpFormatTableOfContents">
Generating website table of contents file...
    Last step completed in 00:00:00,0030
</buildStep>
<buildStep step="GenerateFullTextIndex">
Generating full-text index for the website...

<plugIn name="Lightweight Website Style" behavior="After" priority="1000">
Adding lightweight search and TOC elements to each topic...
</plugIn>    Last step completed in 00:00:02,5700
</buildStep>
<buildStep step="CopyingWebsiteFiles">
Copying website files to output folder...

Copied 142 files for the website content
    Last step completed in 00:00:01,8110
</buildStep>
<buildStep step="CleanIntermediates">
Removing intermediate files...
    Last step completed in 00:00:00,1110
</buildStep>
<buildStep step="Completed">

Build completed successfully at 24.12.2019 20:56:09.  Total time: 00:01:06,7720

</buildStep>
</shfbBuild>
